Thu Nov 30 01:40:52 EST 2017 : Apache Derby Network Server - 10.11.1.2 - (1629631) started and ready to accept connections on port 1527
----------------------------------------------------------------
Thu Nov 30 01:40:52 EST 2017:
Booting Derby version The Apache Software Foundation - Apache Derby - 10.11.1.2 - (1629631): instance a816c00e-0160-0ba8-1350-ffffb9b08484 
on database directory C:\Users\Zach\Documents\GitHub\EasyCuisine\EasyCuisineDB with class loader sun.misc.Launcher$AppClassLoader@1d44bcfa 
Loaded from file:/C:/Program%20Files/Java/jdk1.8.0_144/db/lib/derby.jar
java.vendor=Oracle Corporation
java.runtime.version=1.8.0_144-b01
user.dir=C:\Program Files\Java\jdk1.8.0_144\db
os.name=Windows 10
os.arch=amd64
os.version=10.0
derby.system.home=C:\Users\Zach\Documents\GitHub\EasyCuisine
Database Class Loader started - derby.database.classpath=''
----------------------------------------------------------------
Thu Nov 30 01:52:53 EST 2017: Shutting down Derby engine
----------------------------------------------------------------
Thu Nov 30 01:52:53 EST 2017:
Shutting down instance a816c00e-0160-0ba8-1350-ffffb9b08484 on database directory C:\Users\Zach\Documents\GitHub\EasyCuisine\EasyCuisineDB with class loader sun.misc.Launcher$AppClassLoader@1d44bcfa 
----------------------------------------------------------------
